<?xml version="1.0" encoding="UTF-8"?>
<!-- Generated by org.testng.reporters.JUnitReportReporter -->
<testsuite hostname="SGEORGE-D" name="demo.appDirect.TestHome" tests="8" failures="0" timestamp="19 Aug 2018 06:34:22 GMT" time="68.344" errors="0">
  <testcase name="testSearchResultsNotDisplayed" time="8.602" classname="demo.appDirect.TestHome"/>
  <testcase name="testSearchResultsNotDisplayed" time="7.395" classname="demo.appDirect.TestHome"/>
  <testcase name="testSearchResultsNotDisplayed" time="8.530" classname="demo.appDirect.TestHome"/>
  <testcase name="testSearchResultsAreDisplayed" time="8.651" classname="demo.appDirect.TestHome"/>
  <testcase name="testSearchResultsNotDisplayed" time="8.053" classname="demo.appDirect.TestHome"/>
  <testcase name="testSearchResultsAreDisplayed" time="9.766" classname="demo.appDirect.TestHome"/>
  <testcase name="testSearchResultsAreDisplayed" time="8.766" classname="demo.appDirect.TestHome"/>
  <testcase name="testSearchResultsAreDisplayed" time="8.581" classname="demo.appDirect.TestHome"/>
</testsuite> <!-- demo.appDirect.TestHome -->
