<?xml version="1.0" encoding="UTF-8"?>
<!-- Generated by org.testng.reporters.JUnitReportReporter -->
<testsuite hostname="SGEORGE-D" name="demo.appDirect.TestHome" tests="8" failures="0" timestamp="20 Aug 2018 00:22:12 GMT" time="70.313" errors="0">
  <testcase name="testSearchResultsAreDisplayed" time="8.571" classname="demo.appDirect.TestHome"/>
  <testcase name="testSearchResultsAreDisplayed" time="8.777" classname="demo.appDirect.TestHome"/>
  <testcase name="testSearchResultsNotDisplayed" time="8.541" classname="demo.appDirect.TestHome"/>
  <testcase name="testSearchResultsAreDisplayed" time="8.871" classname="demo.appDirect.TestHome"/>
  <testcase name="testSearchResultsNotDisplayed" time="9.373" classname="demo.appDirect.TestHome"/>
  <testcase name="testSearchResultsAreDisplayed" time="7.985" classname="demo.appDirect.TestHome"/>
  <testcase name="testSearchResultsAreDisplayed" time="9.321" classname="demo.appDirect.TestHome"/>
  <testcase name="testSearchResultsNotDisplayed" time="8.874" classname="demo.appDirect.TestHome"/>
</testsuite> <!-- demo.appDirect.TestHome -->
