<?xml version="1.0" encoding="UTF-8"?>
<!-- Generated by org.testng.reporters.JUnitReportReporter -->
<testsuite hostname="SGEORGE-D" name="demo.appDirect.TestHome" tests="8" failures="0" timestamp="20 Aug 2018 00:27:44 GMT" time="69.704" errors="0">
  <testcase name="testSearchResultsNotDisplayed" time="8.816" classname="demo.appDirect.TestHome"/>
  <testcase name="testSearchResultsAreDisplayed" time="8.816" classname="demo.appDirect.TestHome"/>
  <testcase name="testSearchResultsAreDisplayed" time="8.082" classname="demo.appDirect.TestHome"/>
  <testcase name="testSearchResultsAreDisplayed" time="9.539" classname="demo.appDirect.TestHome"/>
  <testcase name="testSearchResultsNotDisplayed" time="9.133" classname="demo.appDirect.TestHome"/>
  <testcase name="testSearchResultsAreDisplayed" time="8.011" classname="demo.appDirect.TestHome"/>
  <testcase name="testSearchResultsAreDisplayed" time="8.523" classname="demo.appDirect.TestHome"/>
  <testcase name="testSearchResultsNotDisplayed" time="8.784" classname="demo.appDirect.TestHome"/>
</testsuite> <!-- demo.appDirect.TestHome -->
