<?xml version="1.0" encoding="UTF-8"?>
<!-- Generated by org.testng.reporters.JUnitReportReporter -->
<testsuite hostname="SGEORGE-D" name="demo.appDirect.testHome" tests="2" failures="0" timestamp="18 Aug 2018 05:11:41 GMT" time="0.009" errors="0">
  <testcase name="testSearch" time="0.009" classname="demo.appDirect.testHome"/>
  <testcase name="testSearch2" time="0.000" classname="demo.appDirect.testHome"/>
</testsuite> <!-- demo.appDirect.testHome -->
